<?xml version="1.0" encoding="UTF-8"?>
<!-- Generated by org.testng.reporters.JUnitReportReporter -->
<testsuite hostname="DESKTOP-RTOTI1K" name="DriverFactory.AppTest" tests="1" failures="0" timestamp="11 Feb 2021 06:35:09 GMT" time="1.264" errors="0">
  <testcase name="kickStart" time="1.264" classname="DriverFactory.AppTest"/>
</testsuite> <!-- DriverFactory.AppTest -->
